Flow report for FIR_Filter
Thu Aug 10 13:17:16 2023
Quartus Prime Version 17.0.0 Build 595 04/25/2017 SJ Standard Edition


---------------------
; Table of Contents ;
---------------------
  1. Legal Notice
  2. Flow Summary
  3. Flow Settings
  4. Flow Non-Default Global Settings
  5. Flow Elapsed Time
  6. Flow OS Summary
  7. Flow Log
  8. Flow Messages
  9. Flow Suppressed Messages



----------------
; Legal Notice ;
----------------
Copyright (C) 2017  Intel Corporation. All rights reserved.
Your use of Intel Corporation's design tools, logic functions 
and other software and tools, and its AMPP partner logic 
functions, and any output files from any of the foregoing 
(including device programming or simulation files), and any 
associated documentation or information are expressly subject 
to the terms and conditions of the Intel Program License 
Subscription Agreement, the Intel Quartus Prime License Agreement,
the Intel MegaCore Function License Agreement, or other 
applicable license agreement, including, without limitation, 
that your use is for the sole purpose of programming logic 
devices manufactured by Intel and sold by Intel or its 
authorized distributors.  Please refer to the applicable 
agreement for further details.



+-----------------------------------------------------------------------------------+
; Flow Summary                                                                      ;
+---------------------------------+-------------------------------------------------+
; Flow Status                     ; Successful - Thu Aug 10 13:17:10 2023           ;
; Quartus Prime Version           ; 17.0.0 Build 595 04/25/2017 SJ Standard Edition ;
; Revision Name                   ; FIR_Filter                                      ;
; Top-level Entity Name           ; FIR_Filter                                      ;
; Family                          ; Cyclone V                                       ;
; Device                          ; 5CEBA4F23C7                                     ;
; Timing Models                   ; Final                                           ;
; Logic utilization (in ALMs)     ; 597 / 18,480 ( 3 % )                            ;
; Total registers                 ; 1582                                            ;
; Total pins                      ; 50 / 224 ( 22 % )                               ;
; Total virtual pins              ; 0                                               ;
; Total block memory bits         ; 0 / 3,153,920 ( 0 % )                           ;
; Total DSP Blocks                ; 20 / 66 ( 30 % )                                ;
; Total HSSI RX PCSs              ; 0                                               ;
; Total HSSI PMA RX Deserializers ; 0                                               ;
; Total HSSI TX PCSs              ; 0                                               ;
; Total HSSI PMA TX Serializers   ; 0                                               ;
; Total PLLs                      ; 0 / 4 ( 0 % )                                   ;
; Total DLLs                      ; 0 / 4 ( 0 % )                                   ;
+---------------------------------+-------------------------------------------------+


+-----------------------------------------+
; Flow Settings                           ;
+-------------------+---------------------+
; Option            ; Setting             ;
+-------------------+---------------------+
; Start date & time ; 08/10/2023 13:15:59 ;
; Main task         ; Compilation         ;
; Revision Name     ; FIR_Filter          ;
+-------------------+---------------------+


+----------------------------------------------------------------------------------------------------------------------------------+
; Flow Non-Default Global Settings                                                                                                 ;
+----------------------------------------------+----------------------------------------+---------------+-------------+------------+
; Assignment Name                              ; Value                                  ; Default Value ; Entity Name ; Section Id ;
+----------------------------------------------+----------------------------------------+---------------+-------------+------------+
; ADV_NETLIST_OPT_SYNTH_WYSIWYG_REMAP          ; On                                     ; Off           ; --          ; --         ;
; ALM_REGISTER_PACKING_EFFORT                  ; High                                   ; Medium        ; --          ; --         ;
; COMPILER_SIGNATURE_ID                        ; 193662124226589.169166255911596        ; --            ; --          ; --         ;
; FITTER_EFFORT                                ; Standard Fit                           ; Auto Fit      ; --          ; --         ;
; MAX_CORE_JUNCTION_TEMP                       ; 85                                     ; --            ; --          ; --         ;
; MIN_CORE_JUNCTION_TEMP                       ; 0                                      ; --            ; --          ; --         ;
; MISC_FILE                                    ; ../FIR_FPGALPM_MULT_V1.bsf             ; --            ; --          ; --         ;
; MISC_FILE                                    ; ../FIR_FPGALPM_MULT_V1_inst.vhd        ; --            ; --          ; --         ;
; MISC_FILE                                    ; ../FIR_FPGALPM_MULT_V1.inc             ; --            ; --          ; --         ;
; MISC_FILE                                    ; ../FIR_FPGALPM_MULT_V1.cmp             ; --            ; --          ; --         ;
; MISC_FILE                                    ; ../FIR_FPGALPM_MULT_V1_syn.v           ; --            ; --          ; --         ;
; MUX_RESTRUCTURE                              ; Off                                    ; Auto          ; --          ; --         ;
; OPTIMIZATION_TECHNIQUE                       ; Speed                                  ; Balanced      ; --          ; --         ;
; PARTITION_COLOR                              ; -- (Not supported for targeted family) ; --            ; --          ; Top        ;
; PARTITION_FITTER_PRESERVATION_LEVEL          ; -- (Not supported for targeted family) ; --            ; --          ; Top        ;
; PARTITION_NETLIST_TYPE                       ; -- (Not supported for targeted family) ; --            ; --          ; Top        ;
; PHYSICAL_SYNTHESIS_COMBO_LOGIC               ; On                                     ; Off           ; --          ; --         ;
; PHYSICAL_SYNTHESIS_REGISTER_DUPLICATION      ; On                                     ; Off           ; --          ; --         ;
; PHYSICAL_SYNTHESIS_REGISTER_RETIMING         ; On                                     ; Off           ; --          ; --         ;
; POWER_BOARD_THERMAL_MODEL                    ; None (CONSERVATIVE)                    ; --            ; --          ; --         ;
; POWER_PRESET_COOLING_SOLUTION                ; 23 MM HEAT SINK WITH 200 LFPM AIRFLOW  ; --            ; --          ; --         ;
; PROJECT_OUTPUT_DIRECTORY                     ; output_files                           ; --            ; --          ; --         ;
; QII_AUTO_PACKED_REGISTERS                    ; Normal                                 ; Auto          ; --          ; --         ;
; ROUTER_LCELL_INSERTION_AND_LOGIC_DUPLICATION ; On                                     ; Auto          ; --          ; --         ;
; ROUTER_TIMING_OPTIMIZATION_LEVEL             ; MAXIMUM                                ; Normal        ; --          ; --         ;
+----------------------------------------------+----------------------------------------+---------------+-------------+------------+


+-------------------------------------------------------------------------------------------------------------------------------+
; Flow Elapsed Time                                                                                                             ;
+---------------------------+--------------+-------------------------+---------------------+------------------------------------+
; Module Name               ; Elapsed Time ; Average Processors Used ; Peak Virtual Memory ; Total CPU Time (on all processors) ;
+---------------------------+--------------+-------------------------+---------------------+------------------------------------+
; Analysis & Synthesis      ; 00:00:09     ; 1.0                     ; 4919 MB             ; 00:00:19                           ;
; Fitter                    ; 00:00:57     ; 1.1                     ; 6826 MB             ; 00:03:49                           ;
; Assembler                 ; 00:00:04     ; 1.0                     ; 4831 MB             ; 00:00:03                           ;
; TimeQuest Timing Analyzer ; 00:00:06     ; 2.0                     ; 5146 MB             ; 00:00:08                           ;
; Total                     ; 00:01:16     ; --                      ; --                  ; 00:04:19                           ;
+---------------------------+--------------+-------------------------+---------------------+------------------------------------+


+-----------------------------------------------------------------------------------------+
; Flow OS Summary                                                                         ;
+---------------------------+------------------+------------+------------+----------------+
; Module Name               ; Machine Hostname ; OS Name    ; OS Version ; Processor type ;
+---------------------------+------------------+------------+------------+----------------+
; Analysis & Synthesis      ; DESKTOP-JLQAQ22  ; Windows 10 ; 10.0       ; x86_64         ;
; Fitter                    ; DESKTOP-JLQAQ22  ; Windows 10 ; 10.0       ; x86_64         ;
; Assembler                 ; DESKTOP-JLQAQ22  ; Windows 10 ; 10.0       ; x86_64         ;
; TimeQuest Timing Analyzer ; DESKTOP-JLQAQ22  ; Windows 10 ; 10.0       ; x86_64         ;
+---------------------------+------------------+------------+------------+----------------+


------------
; Flow Log ;
------------
quartus_map --read_settings_files=on --write_settings_files=off FIR_Filter -c FIR_Filter
quartus_fit --read_settings_files=off --write_settings_files=off FIR_Filter -c FIR_Filter
quartus_asm --read_settings_files=off --write_settings_files=off FIR_Filter -c FIR_Filter
quartus_sta FIR_Filter -c FIR_Filter



